===2018-10-10 11:04:05.904 INFO  com.leon.egg.EggsApplication Line:50  -
					Starting EggsApplication on leonAir with PID 2535 (/Users/leon/workspace/etpsYunSpace/egg-parent/egg-admin/target/classes started by leon in /Users/leon/workspace/etpsYunSpace/egg-parent/egg-admin)
===2018-10-10 11:04:05.912 INFO  com.leon.egg.EggsApplication Line:663 -
					The following profiles are active: dev
===2018-10-10 11:04:06.063 INFO  org.springframework.boot.web.servlet.context.AnnotationConfigServletWebServerApplicationContext Line:590 -
					Refreshing org.springframework.boot.web.servlet.context.AnnotationConfigServletWebServerApplicationContext@1ebd319f: startup date [Wed Oct 10 11:04:06 CST 2018]; root of context hierarchy
===2018-10-10 11:04:06.907 WARN  org.mybatis.spring.mapper.ClassPathMapperScanner Line:166 -
					No MyBatis mapper was found in '[com.leon.egg.modular.*.dao]' package. Please check your configuration.
===2018-10-10 11:04:07.098 WARN  org.mybatis.spring.mapper.ClassPathMapperScanner Line:166 -
					No MyBatis mapper was found in '[com.leon.egg]' package. Please check your configuration.
===2018-10-10 11:04:08.223 INFO  org.springframework.boot.web.embedded.tomcat.TomcatWebServer Line:91  -
					Tomcat initialized with port(s): 8080 (http)
===2018-10-10 11:04:08.252 INFO  org.apache.coyote.http11.Http11NioProtocol Line:180 -
					Initializing ProtocolHandler ["http-nio-8080"]
===2018-10-10 11:04:08.272 INFO  org.apache.catalina.core.StandardService Line:180 -
					Starting service [Tomcat]
===2018-10-10 11:04:08.272 INFO  org.apache.catalina.core.StandardEngine Line:180 -
					Starting Servlet Engine: Apache Tomcat/8.5.29
===2018-10-10 11:04:08.290 INFO  org.apache.catalina.core.AprLifecycleListener Line:180 -
					The APR based Apache Tomcat Native library which allows optimal performance in production environments was not found on the java.library.path: [/Users/leon/Library/Java/Extensions:/Library/Java/Extensions:/Network/Library/Java/Extensions:/System/Library/Java/Extensions:/usr/lib/java:.]
===2018-10-10 11:04:08.468 INFO  org.apache.catalina.core.ContainerBase.[Tomcat].[localhost].[/] Line:180 -
					Initializing Spring embedded WebApplicationContext
===2018-10-10 11:04:08.469 INFO  org.springframework.web.context.ContextLoader Line:285 -
					Root WebApplicationContext: initialization completed in 2406 ms
===2018-10-10 11:04:08.620 INFO  org.springframework.boot.web.servlet.ServletRegistrationBean Line:185 -
					Servlet dispatcherServlet mapped to [/]
===2018-10-10 11:04:08.626 INFO  org.springframework.boot.web.servlet.FilterRegistrationBean Line:244 -
					Mapping filter: 'characterEncodingFilter' to: [/*]
===2018-10-10 11:04:08.868 INFO  org.springframework.web.servlet.mvc.method.annotation.RequestMappingHandlerAdapter Line:574 -
					Looking for @ControllerAdvice: org.springframework.boot.web.servlet.context.AnnotationConfigServletWebServerApplicationContext@1ebd319f: startup date [Wed Oct 10 11:04:06 CST 2018]; root of context hierarchy
===2018-10-10 11:04:09.057 INFO  org.springframework.cache.ehcache.EhCacheManagerFactoryBean Line:134 -
					Initializing EhCache CacheManager
===2018-10-10 11:04:09.583 INFO  org.springframework.web.servlet.mvc.method.annotation.RequestMappingHandlerMapping Line:547 -
					Mapped "{[/]}" onto java.lang.String com.leon.egg.EggsApplication.index()
===2018-10-10 11:04:09.586 INFO  org.springframework.web.servlet.mvc.method.annotation.RequestMappingHandlerMapping Line:547 -
					Mapped "{[/global/error]}" onto public java.lang.String com.leon.egg.core.base.controller.GlobalController.errorPage()
===2018-10-10 11:04:09.587 INFO  org.springframework.web.servlet.mvc.method.annotation.RequestMappingHandlerMapping Line:547 -
					Mapped "{[/global/sessionError]}" onto public java.lang.String com.leon.egg.core.base.controller.GlobalController.errorPageInfo(org.springframework.ui.Model)
===2018-10-10 11:04:09.593 INFO  org.springframework.web.servlet.mvc.method.annotation.RequestMappingHandlerMapping Line:547 -
					Mapped "{[/error]}" onto public org.springframework.http.ResponseEntity<java.util.Map<java.lang.String, java.lang.Object>> org.springframework.boot.autoconfigure.web.servlet.error.BasicErrorController.error(javax.servlet.http.HttpServletRequest)
===2018-10-10 11:04:09.594 INFO  org.springframework.web.servlet.mvc.method.annotation.RequestMappingHandlerMapping Line:547 -
					Mapped "{[/error],produces=[text/html]}" onto public org.springframework.web.servlet.ModelAndView org.springframework.boot.autoconfigure.web.servlet.error.BasicErrorController.errorHtml(javax.servlet.http.HttpServletRequest,javax.servlet.http.HttpServletResponse)
===2018-10-10 11:04:09.656 INFO  org.springframework.web.servlet.mvc.method.annotation.ExceptionHandlerExceptionResolver Line:288 -
					Detected @ExceptionHandler methods in baseControllerExceptionHandler
===2018-10-10 11:04:10.203 INFO  com.alibaba.druid.pool.DruidDataSource Line:930 -
					{dataSource-1} inited
===2018-10-10 11:04:10.706 INFO  org.springframework.jmx.export.annotation.AnnotationMBeanExporter Line:433 -
					Registering beans for JMX exposure on startup
===2018-10-10 11:04:10.709 INFO  org.springframework.jmx.export.annotation.AnnotationMBeanExporter Line:895 -
					Bean with name 'dataSource' has been autodetected for JMX exposure
===2018-10-10 11:04:10.721 INFO  org.springframework.jmx.export.annotation.AnnotationMBeanExporter Line:668 -
					Located MBean 'dataSource': registering with JMX server as MBean [com.alibaba.druid.pool:name=dataSource,type=DruidDataSource]
===2018-10-10 11:04:10.740 INFO  org.apache.coyote.http11.Http11NioProtocol Line:180 -
					Starting ProtocolHandler ["http-nio-8080"]
===2018-10-10 11:04:10.770 INFO  org.apache.tomcat.util.net.NioSelectorPool Line:180 -
					Using a shared selector for servlet write/read
===2018-10-10 11:04:10.794 INFO  org.springframework.boot.web.embedded.tomcat.TomcatWebServer Line:206 -
					Tomcat started on port(s): 8080 (http) with context path ''
===2018-10-10 11:04:10.801 INFO  com.leon.egg.EggsApplication Line:59  -
					Started EggsApplication in 5.851 seconds (JVM running for 6.41)
===2018-10-10 11:04:10.807 INFO  com.leon.egg.EggsApplication Line:38  -
					EggApplication is success!
===2018-10-10 11:04:47.532 INFO  org.apache.catalina.core.ContainerBase.[Tomcat].[localhost].[/] Line:180 -
					Initializing Spring FrameworkServlet 'dispatcherServlet'
===2018-10-10 11:04:47.533 INFO  org.springframework.web.servlet.DispatcherServlet Line:494 -
					FrameworkServlet 'dispatcherServlet': initialization started
===2018-10-10 11:04:47.565 INFO  org.springframework.web.servlet.DispatcherServlet Line:509 -
					FrameworkServlet 'dispatcherServlet': initialization completed in 32 ms
===2018-10-10 11:04:57.864 INFO  org.springframework.boot.web.servlet.context.AnnotationConfigServletWebServerApplicationContext Line:993 -
					Closing org.springframework.boot.web.servlet.context.AnnotationConfigServletWebServerApplicationContext@1ebd319f: startup date [Wed Oct 10 11:04:06 CST 2018]; root of context hierarchy
===2018-10-10 11:04:57.867 INFO  org.springframework.jmx.export.annotation.AnnotationMBeanExporter Line:451 -
					Unregistering JMX-exposed beans on shutdown
===2018-10-10 11:04:57.868 INFO  org.springframework.jmx.export.annotation.AnnotationMBeanExporter Line:183 -
					Unregistering JMX-exposed beans
===2018-10-10 11:04:57.881 INFO  com.alibaba.druid.pool.DruidDataSource Line:1825 -
					{dataSource-1} closed
===2018-10-10 11:04:57.882 INFO  org.springframework.cache.ehcache.EhCacheManagerFactoryBean Line:192 -
					Shutting down EhCache CacheManager
